# JRE version: OpenJDK Runtime Environment Temurin-17.0.11+9 (17.0.11+9) (build 17.0.11+9)
# Java VM: OpenJDK 64-Bit Server VM Temurin-17.0.11+9 (17.0.11+9, mixed mode, emulated-client, tiered, compressed oops, compressed class ptrs, g1 gc, windows-amd64)
GC Precious Log:
 CPUs: 8 total, 8 available
 Memory: 8048M
 Large Page Support: Disabled
 NUMA Support: Disabled
 Compressed Oops: Enabled (32-bit)
 Heap Region Size: 1M
 Heap Min Capacity: 8M
 Heap Initial Capacity: 126M
 Heap Max Capacity: 1G
 Pre-touch: Disabled
 Parallel Workers: 8
 Concurrent Workers: 2
 Concurrent Refinement Workers: 8
 Periodic GC: Disabled
Heap:
 garbage-first heap   total 75776K, used 25387K [0x00000000c0000000, 0x0000000100000000)
  region size 1024K, 1 young (1024K), 0 survivors (0K)
 Metaspace       used 42565K, committed 42944K, reserved 1114112K
  class space    used 5550K, committed 5696K, reserved 1048576K
GC Heap History (20 events):
Event: 365253.547 GC heap before
{Heap before GC invocations=8892 (full 8766):
 garbage-first heap   total 75776K, used 25387K [0x00000000c0000000, 0x0000000100000000)
  region size 1024K, 1 young (1024K), 0 survivors (0K)
 Metaspace       used 42565K, committed 42944K, reserved 1114112K
  class space    used 5550K, committed 5696K, reserved 1048576K
}
Event: 365253.572 GC heap after
{Heap after GC invocations=8893 (full 8767):
 garbage-first heap   total 75776K, used 25387K [0x00000000c0000000, 0x0000000100000000)
  region size 1024K, 0 young (0K), 0 survivors (0K)
 Metaspace       used 42565K, committed 42944K, reserved 1114112K
  class space    used 5550K, committed 5696K, reserved 1048576K
}
Event: 365263.731 GC heap before
{Heap before GC invocations=8893 (full 8767):
 garbage-first heap   total 75776K, used 25387K [0x00000000c0000000, 0x0000000100000000)
  region size 1024K, 1 young (1024K), 0 survivors (0K)
 Metaspace       used 42565K, committed 42944K, reserved 1114112K
  class space    used 5550K, committed 5696K, reserved 1048576K
}
Event: 365263.753 GC heap after
{Heap after GC invocations=8894 (full 8768):
 garbage-first heap   total 75776K, used 25387K [0x00000000c0000000, 0x0000000100000000)
  region size 1024K, 0 young (0K), 0 survivors (0K)
 Metaspace       used 42565K, committed 42944K, reserved 1114112K
  class space    used 5550K, committed 5696K, reserved 1048576K
}
Event: 365273.932 GC heap before
{Heap before GC invocations=8894 (full 8768):
 garbage-first heap   total 75776K, used 25387K [0x00000000c0000000, 0x0000000100000000)
  region size 1024K, 1 young (1024K), 0 survivors (0K)
 Metaspace       used 42565K, committed 42944K, reserved 1114112K
  class space    used 5550K, committed 5696K, reserved 1048576K
}
Event: 365273.958 GC heap after
{Heap after GC invocations=8895 (full 8769):
 garbage-first heap   total 75776K, used 25387K [0x00000000c0000000, 0x0000000100000000)
  region size 1024K, 0 young (0K), 0 survivors (0K)
 Metaspace       used 42565K, committed 42944K, reserved 1114112K
  class space    used 5550K, committed 5696K, reserved 1048576K
}
Event: 365284.164 GC heap before
{Heap before GC invocations=8895 (full 8769):
 garbage-first heap   total 75776K, used 25387K [0x00000000c0000000, 0x0000000100000000)
  region size 1024K, 1 young (1024K), 0 survivors (0K)
 Metaspace       used 42565K, committed 42944K, reserved 1114112K
  class space    used 5550K, committed 5696K, reserved 1048576K
}
Event: 365284.189 GC heap after
{Heap after GC invocations=8896 (full 8770):
 garbage-first heap   total 75776K, used 25387K [0x00000000c0000000, 0x0000000100000000)
  region size 1024K, 0 young (0K), 0 survivors (0K)
 Metaspace       used 42565K, committed 42944K, reserved 1114112K
  class space    used 5550K, committed 5696K, reserved 1048576K
}
Event: 365294.356 GC heap before
{Heap before GC invocations=8896 (full 8770):
 garbage-first heap   total 75776K, used 25387K [0x00000000c0000000, 0x0000000100000000)
  region size 1024K, 1 young (1024K), 0 survivors (0K)
 Metaspace       used 42565K, committed 42944K, reserved 1114112K
  class space    used 5550K, committed 5696K, reserved 1048576K
}
Event: 365294.387 GC heap after
{Heap after GC invocations=8897 (full 8771):
 garbage-first heap   total 75776K, used 25387K [0x00000000c0000000, 0x0000000100000000)
  region size 1024K, 0 young (0K), 0 survivors (0K)
 Metaspace       used 42565K, committed 42944K, reserved 1114112K
  class space    used 5550K, committed 5696K, reserved 1048576K
}
Event: 365304.548 GC heap before
{Heap before GC invocations=8897 (full 8771):
 garbage-first heap   total 75776K, used 25387K [0x00000000c0000000, 0x0000000100000000)
  region size 1024K, 1 young (1024K), 0 survivors (0K)
 Metaspace       used 42565K, committed 42944K, reserved 1114112K
  class space    used 5550K, committed 5696K, reserved 1048576K
}
Event: 365304.570 GC heap after
{Heap after GC invocations=8898 (full 8772):
 garbage-first heap   total 75776K, used 25387K [0x00000000c0000000, 0x0000000100000000)
  region size 1024K, 0 young (0K), 0 survivors (0K)
 Metaspace       used 42565K, committed 42944K, reserved 1114112K
  class space    used 5550K, committed 5696K, reserved 1048576K
}
Event: 365314.739 GC heap before
{Heap before GC invocations=8898 (full 8772):
 garbage-first heap   total 75776K, used 25387K [0x00000000c0000000, 0x0000000100000000)
  region size 1024K, 1 young (1024K), 0 survivors (0K)
 Metaspace       used 42565K, committed 42944K, reserved 1114112K
  class space    used 5550K, committed 5696K, reserved 1048576K
}
Event: 365314.767 GC heap after
{Heap after GC invocations=8899 (full 8773):
 garbage-first heap   total 75776K, used 25387K [0x00000000c0000000, 0x0000000100000000)
  region size 1024K, 0 young (0K), 0 survivors (0K)
 Metaspace       used 42565K, committed 42944K, reserved 1114112K
  class space    used 5550K, committed 5696K, reserved 1048576K
}
Event: 365325.014 GC heap before
{Heap before GC invocations=8899 (full 8773):
 garbage-first heap   total 75776K, used 25387K [0x00000000c0000000, 0x0000000100000000)
  region size 1024K, 1 young (1024K), 0 survivors (0K)
 Metaspace       used 42565K, committed 42944K, reserved 1114112K
  class space    used 5550K, committed 5696K, reserved 1048576K
}
Event: 365325.043 GC heap after
{Heap after GC invocations=8900 (full 8774):
 garbage-first heap   total 75776K, used 25387K [0x00000000c0000000, 0x0000000100000000)
  region size 1024K, 0 young (0K), 0 survivors (0K)
 Metaspace       used 42565K, committed 42944K, reserved 1114112K
  class space    used 5550K, committed 5696K, reserved 1048576K
}
Event: 365335.210 GC heap before
{Heap before GC invocations=8900 (full 8774):
 garbage-first heap   total 75776K, used 25387K [0x00000000c0000000, 0x0000000100000000)
  region size 1024K, 1 young (1024K), 0 survivors (0K)
 Metaspace       used 42565K, committed 42944K, reserved 1114112K
  class space    used 5550K, committed 5696K, reserved 1048576K
}
Event: 365335.237 GC heap after
{Heap after GC invocations=8901 (full 8775):
 garbage-first heap   total 75776K, used 25387K [0x00000000c0000000, 0x0000000100000000)
  region size 1024K, 0 young (0K), 0 survivors (0K)
 Metaspace       used 42565K, committed 42944K, reserved 1114112K
  class space    used 5550K, committed 5696K, reserved 1048576K
}
Event: 365345.406 GC heap before
{Heap before GC invocations=8901 (full 8775):
 garbage-first heap   total 75776K, used 25387K [0x00000000c0000000, 0x0000000100000000)
  region size 1024K, 1 young (1024K), 0 survivors (0K)
 Metaspace       used 42565K, committed 42944K, reserved 1114112K
  class space    used 5550K, committed 5696K, reserved 1048576K
}
Event: 365345.430 GC heap after
{Heap after GC invocations=8902 (full 8776):
 garbage-first heap   total 75776K, used 25387K [0x00000000c0000000, 0x0000000100000000)
  region size 1024K, 0 young (0K), 0 survivors (0K)
 Metaspace       used 42565K, committed 42944K, reserved 1114112K
  class space    used 5550K, committed 5696K, reserved 1048576K
}

